{
  "stats": {
    "suites": 1,
    "tests": 1,
    "passes": 1,
    "pending": 0,
    "failures": 0,
    "start": "2025-05-19T07:11:21.555Z",
    "end": "2025-05-19T07:11:48.800Z",
    "duration": 27245,
    "testsRegistered": 1,
    "passPercent": 100,
    "pendingPercent": 0,
    "other": 0,
    "hasOther": false,
    "skipped": 0,
    "hasSkipped": false
  },
  "results": [
    {
      "uuid": "e196c51f-caf6-44bc-8373-de45750040b0",
      "title": "",
      "fullFile": "C:\\Users\\admin\\Documents\\iWay\\Training\\Content\\Quality Engineering\\Selenium\\PageObjectModel\\tests\\userRegistration.test.js",
      "file": "\\tests\\userRegistration.test.js",
      "beforeHooks": [],
      "afterHooks": [],
      "tests": [],
      "suites": [
        {
          "uuid": "e84be4db-8993-4a08-b9eb-1cb87618dc08",
          "title": "User Tegistration Test Suite",
          "fullFile": "C:\\Users\\admin\\Documents\\iWay\\Training\\Content\\Quality Engineering\\Selenium\\PageObjectModel\\tests\\userRegistration.test.js",
          "file": "\\tests\\userRegistration.test.js",
          "beforeHooks": [],
          "afterHooks": [],
          "tests": [
            {
              "title": "Should register a new user",
              "fullTitle": "User Tegistration Test Suite Should register a new user",
              "timedOut": false,
              "duration": 27229,
              "state": "passed",
              "speed": "slow",
              "pass": true,
              "fail": false,
              "pending": false,
              "context": null,
              "code": "console.log('Test Case Started');\ndriver = await new Builder().forBrowser('chrome').build();\nawait driver.manage().window().maximize();\nawait driver.get('https://automationexercise.com/');\n\nhomePage = new HomePage(driver);\nloginSignupPage = new LoginSignUpPage(driver);\naccountInformationPage = new AccountInformationPage(driver);\n\nawait homePage.clickLoginSignUpLink();\nlet newUserSignUpPresent = await loginSignupPage.isNewUserSignUpLabelPresent();\nassert.isTrue(newUserSignUpPresent);\nawait loginSignupPage.signup('Namrata', 'namrata@email.com');\nlet accountInfoLabelPresent =await accountInformationPage.isAccountInfoLabelPresent();\nassert.isTrue(accountInfoLabelPresent);\nlet userDetails = {\n    title: 'Mrs.', \n    name: 'Namrata Sakpal', \n    password: 'Password123', \n    day: 1, \n    month: 'January', \n    year: 1995,\n    firstName: 'Namrata', \n    lastName: 'Sakpal', \n    company: 'IWAY', \n    address1: 'Prestige Shantiniketan', \n    address2: 'Whitefield', \n    country: 'India', \n    state: 'Karnataka', \n    city: 'Bangalore', \n    zipcode: '560068', \n    mobile: '8956231245'\n};\nawait accountInformationPage.createAccount(userDetails);\n//await accountInformationPage.fillAddressDetails('Namrata', 'Sakpal', 'IWAY', 'Kadugodi', 'Whitefield', 'India', 'Karnataka', '560067', '9876543210');\nlet accountCreatedLabelPresent = await accountInformationPage.isAccountCreatedLabelPresent();\nassert.isTrue(accountCreatedLabelPresent);\nawait accountInformationPage.clickContinueButton();\nawait homePage.clickDeleteAccountLink();\ndriver.quit()",
              "err": {},
              "uuid": "3c24da4e-d5d1-47e1-bdc3-55eac270e308",
              "parentUUID": "e84be4db-8993-4a08-b9eb-1cb87618dc08",
              "isHook": false,
              "skipped": false
            }
          ],
          "suites": [],
          "passes": [
            "3c24da4e-d5d1-47e1-bdc3-55eac270e308"
          ],
          "failures": [],
          "pending": [],
          "skipped": [],
          "duration": 27229,
          "root": false,
          "rootEmpty": false,
          "_timeout": 60000
        }
      ],
      "passes": [],
      "failures": [],
      "pending": [],
      "skipped": [],
      "duration": 0,
      "root": true,
      "rootEmpty": true,
      "_timeout": 60000
    }
  ],
  "meta": {
    "mocha": {
      "version": "11.2.2"
    },
    "mochawesome": {
      "options": {
        "quiet": false,
        "reportFilename": "mochawesome",
        "saveHtml": true,
        "saveJson": true,
        "consoleReporter": "spec",
        "useInlineDiffs": false,
        "code": true
      },
      "version": "7.1.3"
    },
    "marge": {
      "options": {
        "reportDir": "./mochawesome-report"
      },
      "version": "6.2.0"
    }
  }
}